Using pre-set license
Built from '2020.2/staging' branch; Version is '2020.2.7f1 (c53830e277f1) revision 12924976'; Using compiler version '192528614'; Build Type 'Release'
OS: 'Windows 10 Pro; OS build 19042.867; Version 2009; 64bit' Language: 'pt' Physical Memory: 32688 MB
BatchMode: 1, IsHumanControllingUs: 0, StartBugReporterOnCrash: 0, Is64bit: 1, IsPro: 0

 COMMAND LINE ARGUMENTS:
D:\Unity_Projects\2020.2.7f1\Editor\Unity.exe
-adb2
-batchMode
-noUpm
-name
AssetImportWorker0
-projectPath
C:/Users/Gilles/Desktop/Fumiga
-logFile
Logs/AssetImportWorker0.log
-srvPort
62177
Successfully changed project path to: C:/Users/Gilles/Desktop/Fumiga
C:/Users/Gilles/Desktop/Fumiga
Using Asset Import Pipeline V2.
Refreshing native plugins compatible for Editor in 38.89 ms, found 0 plugins.
Preloading 0 native plugins for Editor in 0.00 ms.
Initialize engine version: 2020.2.7f1 (c53830e277f1)
[Subsystems] Discovering subsystems at path D:/Unity_Projects/2020.2.7f1/Editor/Data/Resources/UnitySubsystems
[Subsystems] Discovering subsystems at path C:/Users/Gilles/Desktop/Fumiga/Assets
GfxDevice: creating device client; threaded=0
Direct3D:
    Version:  Direct3D 11.0 [level 11.1]
    Renderer: NVIDIA GeForce GTX 980 Ti (ID=0x17c8)
    Vendor:   
    VRAM:     6097 MB
    Driver:   27.21.14.6172
Shader 'Universal Render Pipeline/Particles/Lit': fallback shader 'Universal Render Pipeline/Particles/SimpleLit' not found
Initialize mono
Mono path[0] = 'D:/Unity_Projects/2020.2.7f1/Editor/Data/Managed'
Mono path[1] = 'D:/Unity_Projects/2020.2.7f1/Editor/Data/MonoBleedingEdge/lib/mono/unityjit'
Mono config path = 'D:/Unity_Projects/2020.2.7f1/Editor/Data/MonoBleedingEdge/etc'
Using monoOptions --debugger-agent=transport=dt_socket,embedding=1,server=y,suspend=n,address=127.0.0.1:56984
Begin MonoManager ReloadAssembly
Registering precompiled unity dll's ...
Register platform support module: D:/Unity_Projects/2020.2.7f1/Editor/Data/PlaybackEngines/WindowsStandaloneSupport/UnityEditor.WindowsStandalone.Extensions.dll
Registered in 0.000866 seconds.
Native extension for WindowsStandalone target not found
Refreshing native plugins compatible for Editor in 39.63 ms, found 0 plugins.
Preloading 0 native plugins for Editor in 0.00 ms.
Invoked RoslynAnalysisRunner static constructor.
RoslynAnalysisRunner will not be running.
RoslynAnalysisRunner has terminated.
Mono: successfully reloaded assembly
- Completed reload, in  1.087 seconds
Platform modules already initialized, skipping
Registering precompiled user dll's ...
Registered in 0.001006 seconds.
Begin MonoManager ReloadAssembly
Native extension for WindowsStandalone target not found
Refreshing native plugins compatible for Editor in 40.96 ms, found 0 plugins.
Preloading 0 native plugins for Editor in 0.00 ms.
Invoked RoslynAnalysisRunner static constructor.
RoslynAnalysisRunner will not be running.
RoslynAnalysisRunner has terminated.
Mono: successfully reloaded assembly
- Completed reload, in  0.879 seconds
Platform modules already initialized, skipping
========================================================================
Worker process is ready to serve import requests
Shader 'Universal Render Pipeline/Particles/Lit': fallback shader 'Universal Render Pipeline/Particles/SimpleLit' not found
Launched and connected shader compiler UnityShaderCompiler.exe after 0.03 seconds
Refreshing native plugins compatible for Editor in 0.50 ms, found 0 plugins.
Preloading 0 native plugins for Editor in 0.00 ms.
Unloading 3081 Unused Serialized files (Serialized files now loaded: 0)
System memory in use before: 133.3 MB.
System memory in use after: 133.5 MB.

Unloading 100 unused Assets to reduce memory usage. Loaded Objects now: 3516.
Total: 2.902000 ms (FindLiveObjects: 0.480800 ms CreateObjectMapping: 0.274000 ms MarkObjects: 1.971700 ms  DeleteObjects: 0.174100 ms)

========================================================================
Received Import Request.
  path: Assets
  artifactKey: Guid(00000000000000001000000000000000) Importer(815301076,1909f56bfc062723c751e8b465ee728b)
Start importing Assets using Guid(00000000000000001000000000000000) Importer(815301076,1909f56bfc062723c751e8b465ee728b)  -> (artifact id: 'f89434ac489deb914593f829e0a47671') in 0.010224 seconds
  Import took 0.015100 seconds .

========================================================================
Received Import Request.
  Time since last request: 0.000144 seconds.
  path: Assets/Materials/target.png
  artifactKey: Guid(5336fc07743ccb14782fb9a2275663eb) Importer(815301076,1909f56bfc062723c751e8b465ee728b)
Start importing Assets/Materials/target.png using Guid(5336fc07743ccb14782fb9a2275663eb) Importer(815301076,1909f56bfc062723c751e8b465ee728b)  -> (artifact id: 'c0f7182707dce3d6746c61a00227b4fb') in 0.099407 seconds
  Import took 0.103072 seconds .

========================================================================
Received Import Request.
  Time since last request: 0.000205 seconds.
  path: Assets/Materials/Eye_Color.png
  artifactKey: Guid(f6634935de31f584b92cc7b4191e0e3e) Importer(815301076,1909f56bfc062723c751e8b465ee728b)
Start importing Assets/Materials/Eye_Color.png using Guid(f6634935de31f584b92cc7b4191e0e3e) Importer(815301076,1909f56bfc062723c751e8b465ee728b)  -> (artifact id: '51d650e152c91263934064deacde8fb9') in 0.017532 seconds
  Import took 0.020932 seconds .

========================================================================
Received Import Request.
  Time since last request: 0.000150 seconds.
  path: Assets/Materials
  artifactKey: Guid(354a1e932c5bbb24eae451f725db3a7e) Importer(815301076,1909f56bfc062723c751e8b465ee728b)
Start importing Assets/Materials using Guid(354a1e932c5bbb24eae451f725db3a7e) Importer(815301076,1909f56bfc062723c751e8b465ee728b)  -> (artifact id: '923c79b4453d05324311bcaac75452d4') in 0.004553 seconds
  Import took 0.008029 seconds .

========================================================================
Received Import Request.
  Time since last request: 0.000143 seconds.
  path: Assets/Materials/Body_Color.png
  artifactKey: Guid(1168c54fd51c94d4382faf56d7e81605) Importer(815301076,1909f56bfc062723c751e8b465ee728b)
Start importing Assets/Materials/Body_Color.png using Guid(1168c54fd51c94d4382faf56d7e81605) Importer(815301076,1909f56bfc062723c751e8b465ee728b)  -> (artifact id: 'f1afbfcc067bc9c97837947fa1445819') in 0.029011 seconds
  Import took 0.032551 seconds .

========================================================================
Received Import Request.
  Time since last request: 3.569809 seconds.
  path: Assets/Materials/New Material.mat
  artifactKey: Guid(9ac654eb9be711a489467254120f64ad) Importer(815301076,1909f56bfc062723c751e8b465ee728b)
Start importing Assets/Materials/New Material.mat using Guid(9ac654eb9be711a489467254120f64ad) Importer(815301076,1909f56bfc062723c751e8b465ee728b)  -> (artifact id: '62e58d772400467469ca7134970aa760') in 0.049155 seconds
  Import took 0.052932 seconds .

AssetImportWorkerClient::OnTransportError - code=2 error=End of file
